<?xml version="1.0" encoding="UTF-8"?>
<testng-results skipped="0" failed="0" total="4" passed="4">
  <reporter-output>
  </reporter-output>
  <suite name="Default suite" duration-ms="20319" started-at="2020-05-20T12:41:41Z" finished-at="2020-05-20T12:42:01Z">
    <groups>
    </groups>
    <test name="Default test" duration-ms="20319" started-at="2020-05-20T12:41:41Z" finished-at="2020-05-20T12:42:01Z">
      <class name="testartemus.SubOrdinateScacTest">
        <test-method status="PASS" signature="login()[pri:0, instance:testartemus.SubOrdinateScacTest@59494225]" name="login" is-config="true" duration-ms="14471" started-at="2020-05-20T18:11:41Z" finished-at="2020-05-20T18:11:55Z">
          <reporter-output>
          </reporter-output>
        </test-method> <!-- login -->
        <test-method status="PASS" signature="SubOrdinateScac()[pri:1, instance:testartemus.SubOrdinateScacTest@59494225]" name="SubOrdinateScac" duration-ms="1159" started-at="2020-05-20T18:11:55Z" finished-at="2020-05-20T18:11:57Z">
          <reporter-output>
          </reporter-output>
        </test-method> <!-- SubOrdinateScac -->
        <test-method status="PASS" signature="CreateNewSubScac()[pri:2, instance:testartemus.SubOrdinateScacTest@59494225]" name="CreateNewSubScac" duration-ms="1856" started-at="2020-05-20T18:11:57Z" finished-at="2020-05-20T18:11:58Z">
          <reporter-output>
          </reporter-output>
        </test-method> <!-- CreateNewSubScac -->
        <test-method status="PASS" signature="updateSubScac()[pri:3, instance:testartemus.SubOrdinateScacTest@59494225]" name="updateSubScac" duration-ms="2271" started-at="2020-05-20T18:11:58Z" finished-at="2020-05-20T18:12:01Z">
          <reporter-output>
          </reporter-output>
        </test-method> <!-- updateSubScac -->
        <test-method status="PASS" signature="deleteSubScac()[pri:4, instance:testartemus.SubOrdinateScacTest@59494225]" name="deleteSubScac" duration-ms="528" started-at="2020-05-20T18:12:01Z" finished-at="2020-05-20T18:12:01Z">
          <reporter-output>
          </reporter-output>
        </test-method> <!-- deleteSubScac -->
      </class> <!-- testartemus.SubOrdinateScacTest -->
    </test> <!-- Default test -->
  </suite> <!-- Default suite -->
</testng-results>
