<?xml version="1.0" encoding="UTF-8"?>
<testng-results skipped="0" failed="0" total="6" passed="6">
  <reporter-output>
  </reporter-output>
  <suite name="Default suite" duration-ms="35207" started-at="2020-05-15T12:33:30Z" finished-at="2020-05-15T12:34:06Z">
    <groups>
    </groups>
    <test name="Default test" duration-ms="35207" started-at="2020-05-15T12:33:30Z" finished-at="2020-05-15T12:34:06Z">
      <class name="testartemus.ISFTest">
        <test-method status="PASS" signature="login()[pri:0, instance:testartemus.ISFTest@59494225]" name="login" is-config="true" duration-ms="28531" started-at="2020-05-15T18:03:30Z" finished-at="2020-05-15T18:03:59Z">
          <reporter-output>
          </reporter-output>
        </test-method> <!-- login -->
        <test-method status="PASS" signature="ItSelectionTab()[pri:1, instance:testartemus.ISFTest@59494225]" name="ItSelectionTab" duration-ms="3734" started-at="2020-05-15T18:03:59Z" finished-at="2020-05-15T18:04:03Z">
          <reporter-output>
          </reporter-output>
        </test-method> <!-- ItSelectionTab -->
        <test-method status="PASS" signature="vesseldetails()[pri:2, instance:testartemus.ISFTest@59494225]" name="vesseldetails" duration-ms="816" started-at="2020-05-15T18:04:03Z" finished-at="2020-05-15T18:04:04Z">
          <reporter-output>
          </reporter-output>
        </test-method> <!-- vesseldetails -->
        <test-method status="PASS" signature="Voyagedetails()[pri:3, instance:testartemus.ISFTest@59494225]" name="Voyagedetails" duration-ms="347" started-at="2020-05-15T18:04:04Z" finished-at="2020-05-15T18:04:04Z">
          <reporter-output>
          </reporter-output>
        </test-method> <!-- Voyagedetails -->
        <test-method status="PASS" signature="loadPortId()[pri:4, instance:testartemus.ISFTest@59494225]" name="loadPortId" duration-ms="961" started-at="2020-05-15T18:04:04Z" finished-at="2020-05-15T18:04:05Z">
          <reporter-output>
          </reporter-output>
        </test-method> <!-- loadPortId -->
        <test-method status="PASS" signature="DischargePortdetails()[pri:5, instance:testartemus.ISFTest@59494225]" name="DischargePortdetails" duration-ms="293" started-at="2020-05-15T18:04:05Z" finished-at="2020-05-15T18:04:05Z">
          <reporter-output>
          </reporter-output>
        </test-method> <!-- DischargePortdetails -->
        <test-method status="PASS" signature="findbills()[pri:6, instance:testartemus.ISFTest@59494225]" name="findbills" duration-ms="492" started-at="2020-05-15T18:04:05Z" finished-at="2020-05-15T18:04:06Z">
          <reporter-output>
          </reporter-output>
        </test-method> <!-- findbills -->
      </class> <!-- testartemus.ISFTest -->
    </test> <!-- Default test -->
  </suite> <!-- Default suite -->
</testng-results>
