<?xml version="1.0" encoding="UTF-8"?>
<testng-results skipped="0" failed="0" total="4" passed="4">
  <reporter-output>
  </reporter-output>
  <suite name="Default suite" duration-ms="13125" started-at="2020-05-19T05:56:31Z" finished-at="2020-05-19T05:56:44Z">
    <groups>
    </groups>
    <test name="Default test" duration-ms="13125" started-at="2020-05-19T05:56:31Z" finished-at="2020-05-19T05:56:44Z">
      <class name="testartemus.SCACCodeTest">
        <test-method status="PASS" signature="login()[pri:0, instance:testartemus.SCACCodeTest@59494225]" name="login" is-config="true" duration-ms="8265" started-at="2020-05-19T11:26:31Z" finished-at="2020-05-19T11:26:39Z">
          <reporter-output>
          </reporter-output>
        </test-method> <!-- login -->
        <test-method status="PASS" signature="SCACCodescreen()[pri:1, instance:testartemus.SCACCodeTest@59494225]" name="SCACCodescreen" duration-ms="908" started-at="2020-05-19T11:26:39Z" finished-at="2020-05-19T11:26:40Z">
          <reporter-output>
          </reporter-output>
        </test-method> <!-- SCACCodescreen -->
        <test-method status="PASS" signature="CreateNewScac()[pri:2, instance:testartemus.SCACCodeTest@59494225]" name="CreateNewScac" duration-ms="1608" started-at="2020-05-19T11:26:40Z" finished-at="2020-05-19T11:26:42Z">
          <reporter-output>
          </reporter-output>
        </test-method> <!-- CreateNewScac -->
        <test-method status="PASS" signature="UpdateScac()[pri:3, instance:testartemus.SCACCodeTest@59494225]" name="UpdateScac" duration-ms="1837" started-at="2020-05-19T11:26:42Z" finished-at="2020-05-19T11:26:44Z">
          <reporter-output>
          </reporter-output>
        </test-method> <!-- UpdateScac -->
        <test-method status="PASS" signature="DeleteScac()[pri:4, instance:testartemus.SCACCodeTest@59494225]" name="DeleteScac" duration-ms="458" started-at="2020-05-19T11:26:44Z" finished-at="2020-05-19T11:26:44Z">
          <reporter-output>
          </reporter-output>
        </test-method> <!-- DeleteScac -->
      </class> <!-- testartemus.SCACCodeTest -->
    </test> <!-- Default test -->
  </suite> <!-- Default suite -->
</testng-results>
