<?xml version="1.0" encoding="UTF-8"?>
<testng-results skipped="0" failed="0" total="10" passed="10">
  <reporter-output>
  </reporter-output>
  <suite name="Default suite" duration-ms="22649" started-at="2020-05-13T08:54:46Z" finished-at="2020-05-13T08:55:09Z">
    <groups>
    </groups>
    <test name="Default test" duration-ms="22649" started-at="2020-05-13T08:54:46Z" finished-at="2020-05-13T08:55:09Z">
      <class name="testartemus.ItSelectionScreenTest">
        <test-method status="PASS" signature="login()[pri:0, instance:testartemus.ItSelectionScreenTest@3a883ce7]" name="login" is-config="true" duration-ms="8181" started-at="2020-05-13T14:24:46Z" finished-at="2020-05-13T14:24:54Z">
          <reporter-output>
          </reporter-output>
        </test-method> <!-- login -->
        <test-method status="PASS" signature="ItSelectionTab()[pri:1, instance:testartemus.ItSelectionScreenTest@3a883ce7]" name="ItSelectionTab" duration-ms="3882" started-at="2020-05-13T14:24:54Z" finished-at="2020-05-13T14:24:58Z">
          <reporter-output>
          </reporter-output>
        </test-method> <!-- ItSelectionTab -->
        <test-method status="PASS" signature="vesseldetails()[pri:2, instance:testartemus.ItSelectionScreenTest@3a883ce7]" name="vesseldetails" duration-ms="687" started-at="2020-05-13T14:24:58Z" finished-at="2020-05-13T14:24:59Z">
          <reporter-output>
          </reporter-output>
        </test-method> <!-- vesseldetails -->
        <test-method status="PASS" signature="Voyagedetails()[pri:3, instance:testartemus.ItSelectionScreenTest@3a883ce7]" name="Voyagedetails" duration-ms="311" started-at="2020-05-13T14:24:59Z" finished-at="2020-05-13T14:24:59Z">
          <reporter-output>
          </reporter-output>
        </test-method> <!-- Voyagedetails -->
        <test-method status="PASS" signature="DischargePortdetails()[pri:4, instance:testartemus.ItSelectionScreenTest@3a883ce7]" name="DischargePortdetails" duration-ms="855" started-at="2020-05-13T14:24:59Z" finished-at="2020-05-13T14:25:00Z">
          <reporter-output>
          </reporter-output>
        </test-method> <!-- DischargePortdetails -->
        <test-method status="PASS" signature="findbills()[pri:5, instance:testartemus.ItSelectionScreenTest@3a883ce7]" name="findbills" duration-ms="445" started-at="2020-05-13T14:25:00Z" finished-at="2020-05-13T14:25:00Z">
          <reporter-output>
          </reporter-output>
        </test-method> <!-- findbills -->
        <test-method status="PASS" signature="TableRowDetails()[pri:6, instance:testartemus.ItSelectionScreenTest@3a883ce7]" name="TableRowDetails" duration-ms="271" started-at="2020-05-13T14:25:00Z" finished-at="2020-05-13T14:25:01Z">
          <reporter-output>
          </reporter-output>
        </test-method> <!-- TableRowDetails -->
        <test-method status="PASS" signature="ItArrival()[pri:7, instance:testartemus.ItSelectionScreenTest@3a883ce7]" name="ItArrival" duration-ms="1317" started-at="2020-05-13T14:25:01Z" finished-at="2020-05-13T14:25:02Z">
          <reporter-output>
          </reporter-output>
        </test-method> <!-- ItArrival -->
        <test-method status="PASS" signature="ItContainerArrival()[pri:8, instance:testartemus.ItSelectionScreenTest@3a883ce7]" name="ItContainerArrival" duration-ms="2799" started-at="2020-05-13T14:25:02Z" finished-at="2020-05-13T14:25:05Z">
          <reporter-output>
          </reporter-output>
        </test-method> <!-- ItContainerArrival -->
        <test-method status="PASS" signature="ItBillArrival()[pri:9, instance:testartemus.ItSelectionScreenTest@3a883ce7]" name="ItBillArrival" duration-ms="2817" started-at="2020-05-13T14:25:05Z" finished-at="2020-05-13T14:25:08Z">
          <reporter-output>
          </reporter-output>
        </test-method> <!-- ItBillArrival -->
        <test-method status="PASS" signature="ShowArrivalAcknowledgement()[pri:10, instance:testartemus.ItSelectionScreenTest@3a883ce7]" name="ShowArrivalAcknowledgement" duration-ms="452" started-at="2020-05-13T14:25:08Z" finished-at="2020-05-13T14:25:08Z">
          <reporter-output>
          </reporter-output>
        </test-method> <!-- ShowArrivalAcknowledgement -->
        <test-method status="PASS" signature="homepage()[pri:0, instance:testartemus.ItSelectionScreenTest@3a883ce7]" name="homepage" is-config="true" duration-ms="581" started-at="2020-05-13T14:25:08Z" finished-at="2020-05-13T14:25:09Z">
          <reporter-output>
          </reporter-output>
        </test-method> <!-- homepage -->
      </class> <!-- testartemus.ItSelectionScreenTest -->
    </test> <!-- Default test -->
  </suite> <!-- Default suite -->
</testng-results>
