<?xml version="1.0" encoding="UTF-8"?>
<!-- Generated by org.testng.reporters.JUnitXMLReporter -->
<testsuite hostname="Samsung" name="Default test" tests="4" failures="0" timestamp="20 May 2020 12:42:01 GMT" time="20.319" errors="0">
  <testcase name="SubOrdinateScac" time="1.159" classname="testartemus.SubOrdinateScacTest"/>
  <testcase name="CreateNewSubScac" time="1.856" classname="testartemus.SubOrdinateScacTest"/>
  <testcase name="updateSubScac" time="2.271" classname="testartemus.SubOrdinateScacTest"/>
  <testcase name="deleteSubScac" time="0.528" classname="testartemus.SubOrdinateScacTest"/>
</testsuite> <!-- Default test -->
