<?xml version="1.0" encoding="UTF-8"?>
<!-- Generated by org.testng.reporters.JUnitXMLReporter -->
<testsuite hostname="Samsung" name="Default test" tests="10" failures="0" timestamp="13 May 2020 08:55:09 GMT" time="22.649" errors="0">
  <testcase name="ItSelectionTab" time="3.882" classname="testartemus.ItSelectionScreenTest"/>
  <testcase name="vesseldetails" time="0.687" classname="testartemus.ItSelectionScreenTest"/>
  <testcase name="Voyagedetails" time="0.311" classname="testartemus.ItSelectionScreenTest"/>
  <testcase name="DischargePortdetails" time="0.855" classname="testartemus.ItSelectionScreenTest"/>
  <testcase name="findbills" time="0.445" classname="testartemus.ItSelectionScreenTest"/>
  <testcase name="TableRowDetails" time="0.271" classname="testartemus.ItSelectionScreenTest"/>
  <testcase name="ItArrival" time="1.317" classname="testartemus.ItSelectionScreenTest"/>
  <testcase name="ItContainerArrival" time="2.799" classname="testartemus.ItSelectionScreenTest"/>
  <testcase name="ItBillArrival" time="2.817" classname="testartemus.ItSelectionScreenTest"/>
  <testcase name="ShowArrivalAcknowledgement" time="0.452" classname="testartemus.ItSelectionScreenTest"/>
</testsuite> <!-- Default test -->
