<?xml version="1.0" encoding="UTF-8"?>
<!-- Generated by org.testng.reporters.JUnitXMLReporter -->
<testsuite hostname="Samsung" name="Default test" tests="30" failures="0" timestamp="21 Jul 2020 11:23:42 GMT" time="85.529" errors="0">
  <testcase name="billheader" time="8.933" classname="testartemus.billheaderTest"/>
  <testcase name="billStatus" time="1.34" classname="testartemus.billheaderTest"/>
  <testcase name="billType" time="0.497" classname="testartemus.billheaderTest"/>
  <testcase name="hblScac" time="1.875" classname="testartemus.billheaderTest"/>
  <testcase name="NvoType" time="0.484" classname="testartemus.billheaderTest"/>
  <testcase name="ShippingInformation" time="3.278" classname="testartemus.billheaderTest"/>
  <testcase name="Consignee" time="2.823" classname="testartemus.billheaderTest"/>
  <testcase name="Notify" time="3.001" classname="testartemus.billheaderTest"/>
  <testcase name="VesselDetail" time="3.747" classname="testartemus.billheaderTest"/>
  <testcase name="receiptPlace" time="1.764" classname="testartemus.billheaderTest"/>
  <testcase name="PortOfLoading" time="0.936" classname="testartemus.billheaderTest"/>
  <testcase name="PortOfDischarge" time="0.986" classname="testartemus.billheaderTest"/>
  <testcase name="PlaceOfDelivery" time="1.956" classname="testartemus.billheaderTest"/>
  <testcase name="MoveType" time="0.649" classname="testartemus.billheaderTest"/>
  <testcase name="CountryOfOrigin" time="5.355" classname="testartemus.billheaderTest"/>
  <testcase name="Equipment" time="1.955" classname="testartemus.billheaderTest"/>
  <testcase name="scrollpage" time="0.041" classname="testartemus.billheaderTest"/>
  <testcase name="Packages" time="3.467" classname="testartemus.billheaderTest"/>
  <testcase name="Packagesunit" time="1.353" classname="testartemus.billheaderTest"/>
  <testcase name="scrollpage2" time="0.043" classname="testartemus.billheaderTest"/>
  <testcase name="equipmentcargodetails" time="2.764" classname="testartemus.billheaderTest"/>
  <testcase name="goodsDescription" time="0.603" classname="testartemus.billheaderTest"/>
  <testcase name="HarmonizeCode" time="1.763" classname="testartemus.billheaderTest"/>
  <testcase name="HazardCode" time="1.985" classname="testartemus.billheaderTest"/>
  <testcase name="Manufacturer" time="2.462" classname="testartemus.billheaderTest"/>
  <testcase name="cargocountry" time="0.572" classname="testartemus.billheaderTest"/>
  <testcase name="scrollpageup" time="0.059" classname="testartemus.billheaderTest"/>
  <testcase name="save" time="3.494" classname="testartemus.billheaderTest"/>
  <testcase name="findbill" time="4.783" classname="testartemus.billheaderTest"/>
  <testcase name="updatebill" time="3.976" classname="testartemus.billheaderTest"/>
</testsuite> <!-- Default test -->
