<?xml version="1.0" encoding="UTF-8"?>
<!-- Generated by org.testng.reporters.JUnitXMLReporter -->
<testsuite hostname="Samsung" name="addoriginalmanifestTest" tests="8" failures="0" timestamp="19 May 2020 04:54:57 GMT" time="9.306" errors="0">
  <testcase name="OriginalManifes" time="0.898" classname="testartemus.addoriginalmanifestTest"/>
  <testcase name="vesseldetails" time="0.495" classname="testartemus.addoriginalmanifestTest"/>
  <testcase name="Voyagedetails" time="0.277" classname="testartemus.addoriginalmanifestTest"/>
  <testcase name="LoadPortdetails" time="0.811" classname="testartemus.addoriginalmanifestTest"/>
  <testcase name="DischargePortdetails" time="0.285" classname="testartemus.addoriginalmanifestTest"/>
  <testcase name="findbills" time="2.247" classname="testartemus.addoriginalmanifestTest"/>
  <testcase name="assertRow" time="0.407" classname="testartemus.addoriginalmanifestTest"/>
  <testcase name="sendManifestCheckBox" time="2.685" classname="testartemus.addoriginalmanifestTest"/>
</testsuite> <!-- addoriginalmanifestTest -->
