<?xml version="1.0" encoding="UTF-8"?>
<!-- Generated by org.testng.reporters.JUnitXMLReporter -->
<testsuite hostname="Samsung" name="addoriginalmanifestTest" tests="8" failures="0" timestamp="7 May 2020 06:52:01 GMT" time="10.144" errors="0">
  <testcase name="OriginalManifes" time="1.908" classname="testartemus.addoriginalmanifestTest"/>
  <testcase name="vesseldetails" time="0.534" classname="testartemus.addoriginalmanifestTest"/>
  <testcase name="Voyagedetails" time="0.322" classname="testartemus.addoriginalmanifestTest"/>
  <testcase name="LoadPortdetails" time="0.975" classname="testartemus.addoriginalmanifestTest"/>
  <testcase name="DischargePortdetails" time="0.299" classname="testartemus.addoriginalmanifestTest"/>
  <testcase name="findbills" time="2.259" classname="testartemus.addoriginalmanifestTest"/>
  <testcase name="assertRow" time="0.398" classname="testartemus.addoriginalmanifestTest"/>
  <testcase name="sendManifestCheckBox" time="2.749" classname="testartemus.addoriginalmanifestTest"/>
</testsuite> <!-- addoriginalmanifestTest -->
