<?xml version="1.0" encoding="UTF-8"?>
<!-- Generated by org.testng.reporters.JUnitXMLReporter -->
<testsuite hostname="Samsung" name="AFRVoyageScheduleTest" tests="13" failures="0" timestamp="15 Jul 2020 07:47:30 GMT" time="16.825" errors="0">
  <testcase name="jpvoyegetab" time="3.111" classname="testartemus.AFRVoyageScheduleTest"/>
  <testcase name="vesseldetail" time="2.792" classname="testartemus.AFRVoyageScheduleTest"/>
  <testcase name="voyegedetail" time="0.369" classname="testartemus.AFRVoyageScheduleTest"/>
  <testcase name="firstlocationdetails" time="3.053" classname="testartemus.AFRVoyageScheduleTest"/>
  <testcase name="datedetails" time="0.812" classname="testartemus.AFRVoyageScheduleTest"/>
  <testcase name="portdetails" time="0.201" classname="testartemus.AFRVoyageScheduleTest"/>
  <testcase name="secondlocationdetails" time="0.636" classname="testartemus.AFRVoyageScheduleTest"/>
  <testcase name="datedetailstwo" time="0.737" classname="testartemus.AFRVoyageScheduleTest"/>
  <testcase name="portdetailstwo" time="0.142" classname="testartemus.AFRVoyageScheduleTest"/>
  <testcase name="savevoyege" time="1.26" classname="testartemus.AFRVoyageScheduleTest"/>
  <testcase name="findvoyege" time="1.572" classname="testartemus.AFRVoyageScheduleTest"/>
  <testcase name="updatevoyege" time="1.044" classname="testartemus.AFRVoyageScheduleTest"/>
  <testcase name="deletevoyege" time="0.496" classname="testartemus.AFRVoyageScheduleTest"/>
</testsuite> <!-- AFRVoyageScheduleTest -->
