<?xml version="1.0" encoding="UTF-8"?>
<!-- Generated by org.testng.reporters.JUnitXMLReporter -->
<testsuite hostname="Samsung" name="AFRVoyageScheduleTest" tests="13" failures="0" timestamp="5 Jun 2020 12:14:41 GMT" time="14.538" errors="0">
  <testcase name="jpvoyegetab" time="0.905" classname="testartemus.AFRVoyageScheduleTest"/>
  <testcase name="vesseldetail" time="2.881" classname="testartemus.AFRVoyageScheduleTest"/>
  <testcase name="voyegedetail" time="0.383" classname="testartemus.AFRVoyageScheduleTest"/>
  <testcase name="firstlocationdetails" time="2.953" classname="testartemus.AFRVoyageScheduleTest"/>
  <testcase name="datedetails" time="0.768" classname="testartemus.AFRVoyageScheduleTest"/>
  <testcase name="portdetails" time="0.251" classname="testartemus.AFRVoyageScheduleTest"/>
  <testcase name="secondlocationdetails" time="0.901" classname="testartemus.AFRVoyageScheduleTest"/>
  <testcase name="datedetailstwo" time="0.737" classname="testartemus.AFRVoyageScheduleTest"/>
  <testcase name="portdetailstwo" time="0.11" classname="testartemus.AFRVoyageScheduleTest"/>
  <testcase name="savevoyege" time="1.114" classname="testartemus.AFRVoyageScheduleTest"/>
  <testcase name="findvoyege" time="1.532" classname="testartemus.AFRVoyageScheduleTest"/>
  <testcase name="updatevoyege" time="0.944" classname="testartemus.AFRVoyageScheduleTest"/>
  <testcase name="deletevoyege" time="0.475" classname="testartemus.AFRVoyageScheduleTest"/>
</testsuite> <!-- AFRVoyageScheduleTest -->
