<?xml version="1.0" encoding="UTF-8"?>
<!-- Generated by org.testng.reporters.JUnitXMLReporter -->
<testsuite hostname="Samsung" name="AMSMainScreenTest" tests="12" failures="0" timestamp="7 May 2020 06:52:13 GMT" time="11.804" errors="0">
  <testcase name="AMSMainScreen" time="2.898" classname="testartemus.AMSMainScreenTest"/>
  <testcase name="vesseldetailsmain" time="0.639" classname="testartemus.AMSMainScreenTest"/>
  <testcase name="Voyagedetailsmain" time="0.332" classname="testartemus.AMSMainScreenTest"/>
  <testcase name="LoadPortdetailsmain" time="0.916" classname="testartemus.AMSMainScreenTest"/>
  <testcase name="DischargePortdetailsmain" time="0.317" classname="testartemus.AMSMainScreenTest"/>
  <testcase name="findbillsmain" time="2.234" classname="testartemus.AMSMainScreenTest"/>
  <testcase name="validateport" time="0.338" classname="testartemus.AMSMainScreenTest"/>
  <testcase name="validatebuttonDiv" time="0.209" classname="testartemus.AMSMainScreenTest"/>
  <testcase name="billDetailInformation" time="1.067" classname="testartemus.AMSMainScreenTest"/>
  <testcase name="CustomErrorScreen" time="0.72" classname="testartemus.AMSMainScreenTest"/>
  <testcase name="originalManifestTracking" time="0.924" classname="testartemus.AMSMainScreenTest"/>
  <testcase name="BillAmendmentTracking" time="0.616" classname="testartemus.AMSMainScreenTest"/>
</testsuite> <!-- AMSMainScreenTest -->
