<?xml version="1.0" encoding="UTF-8"?>
<!-- Generated by org.testng.reporters.JUnitXMLReporter -->
<testsuite hostname="Samsung" name="BillHeaderTest" tests="30" failures="0" timestamp="29 May 2020 10:48:30 GMT" time="43.005" errors="0">
  <testcase name="billheader" time="2.306" classname="testartemus.billheaderTest"/>
  <testcase name="billStatus" time="0.587" classname="testartemus.billheaderTest"/>
  <testcase name="billType" time="0.227" classname="testartemus.billheaderTest"/>
  <testcase name="hblScac" time="0.894" classname="testartemus.billheaderTest"/>
  <testcase name="NvoType" time="0.271" classname="testartemus.billheaderTest"/>
  <testcase name="ShippingInformation" time="1.544" classname="testartemus.billheaderTest"/>
  <testcase name="Consignee" time="1.322" classname="testartemus.billheaderTest"/>
  <testcase name="Notify" time="1.396" classname="testartemus.billheaderTest"/>
  <testcase name="VesselDetail" time="3.427" classname="testartemus.billheaderTest"/>
  <testcase name="receiptPlace" time="0.757" classname="testartemus.billheaderTest"/>
  <testcase name="PortOfLoading" time="0.477" classname="testartemus.billheaderTest"/>
  <testcase name="PortOfDischarge" time="0.487" classname="testartemus.billheaderTest"/>
  <testcase name="PlaceOfDelivery" time="0.812" classname="testartemus.billheaderTest"/>
  <testcase name="MoveType" time="0.328" classname="testartemus.billheaderTest"/>
  <testcase name="CountryOfOrigin" time="2.476" classname="testartemus.billheaderTest"/>
  <testcase name="Equipment" time="0.717" classname="testartemus.billheaderTest"/>
  <testcase name="scrollpage" time="0.018" classname="testartemus.billheaderTest"/>
  <testcase name="Packages" time="1.346" classname="testartemus.billheaderTest"/>
  <testcase name="Packagesunit" time="0.535" classname="testartemus.billheaderTest"/>
  <testcase name="scrollpage2" time="0.023" classname="testartemus.billheaderTest"/>
  <testcase name="equipmentcargodetails" time="2.318" classname="testartemus.billheaderTest"/>
  <testcase name="goodsDescription" time="0.25" classname="testartemus.billheaderTest"/>
  <testcase name="HarmonizeCode" time="0.934" classname="testartemus.billheaderTest"/>
  <testcase name="HazardCode" time="1.045" classname="testartemus.billheaderTest"/>
  <testcase name="Manufacturer" time="1.292" classname="testartemus.billheaderTest"/>
  <testcase name="cargocountry" time="0.263" classname="testartemus.billheaderTest"/>
  <testcase name="scrollpageup" time="0.02" classname="testartemus.billheaderTest"/>
  <testcase name="save" time="5.61" classname="testartemus.billheaderTest"/>
  <testcase name="findbill" time="4.407" classname="testartemus.billheaderTest"/>
  <testcase name="updatebill" time="6.134" classname="testartemus.billheaderTest"/>
</testsuite> <!-- BillHeaderTest -->
