<?xml version="1.0" encoding="UTF-8"?>
<!-- Generated by org.testng.reporters.JUnitXMLReporter -->
<testsuite hostname="Samsung" name="BillHeaderTest" tests="30" failures="0" timestamp="15 Jul 2020 07:17:59 GMT" time="46.161" errors="0">
  <testcase name="billheader" time="3.259" classname="testartemus.billheaderTest"/>
  <testcase name="billStatus" time="0.56" classname="testartemus.billheaderTest"/>
  <testcase name="billType" time="0.207" classname="testartemus.billheaderTest"/>
  <testcase name="hblScac" time="0.87" classname="testartemus.billheaderTest"/>
  <testcase name="NvoType" time="0.225" classname="testartemus.billheaderTest"/>
  <testcase name="ShippingInformation" time="1.482" classname="testartemus.billheaderTest"/>
  <testcase name="Consignee" time="1.292" classname="testartemus.billheaderTest"/>
  <testcase name="Notify" time="1.545" classname="testartemus.billheaderTest"/>
  <testcase name="VesselDetail" time="3.095" classname="testartemus.billheaderTest"/>
  <testcase name="receiptPlace" time="0.862" classname="testartemus.billheaderTest"/>
  <testcase name="PortOfLoading" time="0.544" classname="testartemus.billheaderTest"/>
  <testcase name="PortOfDischarge" time="0.475" classname="testartemus.billheaderTest"/>
  <testcase name="PlaceOfDelivery" time="0.788" classname="testartemus.billheaderTest"/>
  <testcase name="MoveType" time="0.34" classname="testartemus.billheaderTest"/>
  <testcase name="CountryOfOrigin" time="2.419" classname="testartemus.billheaderTest"/>
  <testcase name="Equipment" time="0.714" classname="testartemus.billheaderTest"/>
  <testcase name="scrollpage" time="0.022" classname="testartemus.billheaderTest"/>
  <testcase name="Packages" time="1.273" classname="testartemus.billheaderTest"/>
  <testcase name="Packagesunit" time="0.544" classname="testartemus.billheaderTest"/>
  <testcase name="scrollpage2" time="0.015" classname="testartemus.billheaderTest"/>
  <testcase name="equipmentcargodetails" time="2.332" classname="testartemus.billheaderTest"/>
  <testcase name="goodsDescription" time="0.226" classname="testartemus.billheaderTest"/>
  <testcase name="HarmonizeCode" time="0.963" classname="testartemus.billheaderTest"/>
  <testcase name="HazardCode" time="0.88" classname="testartemus.billheaderTest"/>
  <testcase name="Manufacturer" time="1.339" classname="testartemus.billheaderTest"/>
  <testcase name="cargocountry" time="0.238" classname="testartemus.billheaderTest"/>
  <testcase name="scrollpageup" time="0.019" classname="testartemus.billheaderTest"/>
  <testcase name="save" time="7.061" classname="testartemus.billheaderTest"/>
  <testcase name="findbill" time="3.972" classname="testartemus.billheaderTest"/>
  <testcase name="updatebill" time="7.842" classname="testartemus.billheaderTest"/>
</testsuite> <!-- BillHeaderTest -->
