<?xml version="1.0" encoding="UTF-8"?>
<!-- Generated by org.testng.reporters.JUnitXMLReporter -->
<testsuite hostname="Samsung" name="BillHeaderTest" tests="30" failures="0" timestamp="7 May 2020 06:51:51 GMT" time="48.495" errors="0">
  <testcase name="billheader" time="3.798" classname="testartemus.billheaderTest"/>
  <testcase name="billStatus" time="0.572" classname="testartemus.billheaderTest"/>
  <testcase name="billType" time="0.219" classname="testartemus.billheaderTest"/>
  <testcase name="hblScac" time="1.122" classname="testartemus.billheaderTest"/>
  <testcase name="NvoType" time="0.299" classname="testartemus.billheaderTest"/>
  <testcase name="ShippingInformation" time="1.644" classname="testartemus.billheaderTest"/>
  <testcase name="Consignee" time="1.354" classname="testartemus.billheaderTest"/>
  <testcase name="Notify" time="1.472" classname="testartemus.billheaderTest"/>
  <testcase name="VesselDetail" time="3.574" classname="testartemus.billheaderTest"/>
  <testcase name="receiptPlace" time="0.831" classname="testartemus.billheaderTest"/>
  <testcase name="PortOfLoading" time="0.529" classname="testartemus.billheaderTest"/>
  <testcase name="PortOfDischarge" time="0.484" classname="testartemus.billheaderTest"/>
  <testcase name="PlaceOfDelivery" time="0.889" classname="testartemus.billheaderTest"/>
  <testcase name="MoveType" time="0.34" classname="testartemus.billheaderTest"/>
  <testcase name="CountryOfOrigin" time="2.449" classname="testartemus.billheaderTest"/>
  <testcase name="Equipment" time="0.753" classname="testartemus.billheaderTest"/>
  <testcase name="scrollpage" time="0.015" classname="testartemus.billheaderTest"/>
  <testcase name="Packages" time="1.363" classname="testartemus.billheaderTest"/>
  <testcase name="Packagesunit" time="0.53" classname="testartemus.billheaderTest"/>
  <testcase name="scrollpage2" time="0.028" classname="testartemus.billheaderTest"/>
  <testcase name="equipmentcargodetails" time="2.361" classname="testartemus.billheaderTest"/>
  <testcase name="goodsDescription" time="0.277" classname="testartemus.billheaderTest"/>
  <testcase name="HarmonizeCode" time="0.951" classname="testartemus.billheaderTest"/>
  <testcase name="HazardCode" time="1.0" classname="testartemus.billheaderTest"/>
  <testcase name="Manufacturer" time="1.244" classname="testartemus.billheaderTest"/>
  <testcase name="cargocountry" time="0.25" classname="testartemus.billheaderTest"/>
  <testcase name="scrollpageup" time="0.016" classname="testartemus.billheaderTest"/>
  <testcase name="save" time="6.676" classname="testartemus.billheaderTest"/>
  <testcase name="findbill" time="5.075" classname="testartemus.billheaderTest"/>
  <testcase name="updatebill" time="7.504" classname="testartemus.billheaderTest"/>
</testsuite> <!-- BillHeaderTest -->
