<?xml version="1.0" encoding="UTF-8"?>
<!-- Generated by org.testng.reporters.JUnitXMLReporter -->
<testsuite hostname="Samsung" name="CandaOriginalmanifest" tests="8" failures="0" timestamp="5 Jun 2020 12:14:08 GMT" time="7.801" errors="0">
  <testcase name="OriginalManifes" time="0.933" classname="testartemus.CandaOriginalmanifest"/>
  <testcase name="vesseldetails" time="0.992" classname="testartemus.CandaOriginalmanifest"/>
  <testcase name="Voyagedetails" time="0.309" classname="testartemus.CandaOriginalmanifest"/>
  <testcase name="LoadPortdetails" time="0.817" classname="testartemus.CandaOriginalmanifest"/>
  <testcase name="DischargePortdetails" time="0.239" classname="testartemus.CandaOriginalmanifest"/>
  <testcase name="findbills" time="2.208" classname="testartemus.CandaOriginalmanifest"/>
  <testcase name="assertRow" time="0.165" classname="testartemus.CandaOriginalmanifest"/>
  <testcase name="sendManifestCheckBox" time="1.53" classname="testartemus.CandaOriginalmanifest"/>
</testsuite> <!-- CandaOriginalmanifest -->
