<?xml version="1.0" encoding="UTF-8"?>
<!-- Generated by org.testng.reporters.JUnitXMLReporter -->
<testsuite hostname="Samsung" name="candamainTest" tests="14" failures="0" timestamp="21 Jul 2020 11:30:47 GMT" time="28.336" errors="0">
  <testcase name="AMSMainScreen" time="1.889" classname="testartemus.candamainTest"/>
  <testcase name="vesseldetailsmain" time="1.999" classname="testartemus.candamainTest"/>
  <testcase name="Voyagedetailsmain" time="0.734" classname="testartemus.candamainTest"/>
  <testcase name="LoadPortdetailsmain" time="0.692" classname="testartemus.candamainTest"/>
  <testcase name="DischargePortdetailsmain" time="0.734" classname="testartemus.candamainTest"/>
  <testcase name="findbillsmain" time="2.344" classname="testartemus.candamainTest"/>
  <testcase name="validateRow" time="0.418" classname="testartemus.candamainTest"/>
  <testcase name="CanCustBLDetailImportedCargoScreen" time="7.415" classname="testartemus.candamainTest"/>
  <testcase name="CanCustBLDetailFROBECargo" time="2.654" classname="testartemus.candamainTest"/>
  <testcase name="CustomsErrorScreen" time="1.447" classname="testartemus.candamainTest"/>
  <testcase name="AmendTrackingScreen" time="0.896" classname="testartemus.candamainTest"/>
  <testcase name="VoyageConveyance" time="1.774" classname="testartemus.candamainTest"/>
  <testcase name="CACM" time="1.588" classname="testartemus.candamainTest"/>
  <testcase name="HouseBillClose" time="2.855" classname="testartemus.candamainTest"/>
</testsuite> <!-- candamainTest -->
