<?xml version="1.0" encoding="UTF-8"?>
<!-- Generated by org.testng.reporters.JUnitXMLReporter -->
<testsuite hostname="Samsung" name="CustomerProfileTest" tests="6" failures="0" timestamp="15 Jul 2020 07:16:46 GMT" time="31.945" errors="0">
  <testcase name="createcustomer" time="9.572" classname="testartemus.CustomerprofileTest"/>
  <testcase name="savecustomer" time="1.938" classname="testartemus.CustomerprofileTest"/>
  <testcase name="findcustomerassert" time="0.854" classname="testartemus.CustomerprofileTest"/>
  <testcase name="findcustomer" time="5.414" classname="testartemus.CustomerprofileTest"/>
  <testcase name="updatecustomer" time="1.693" classname="testartemus.CustomerprofileTest"/>
  <testcase name="deletecustomer" time="11.739" classname="testartemus.CustomerprofileTest"/>
</testsuite> <!-- CustomerProfileTest -->
