<?xml version="1.0" encoding="UTF-8"?>
<!-- Generated by org.testng.reporters.JUnitXMLReporter -->
<testsuite hostname="Samsung" name="CustomerProfileTest" tests="6" failures="0" timestamp="7 May 2020 06:50:30 GMT" time="36.484" errors="0">
  <testcase name="createcustomer" time="13.992" classname="testartemus.CustomerprofileTest"/>
  <testcase name="savecustomer" time="1.809" classname="testartemus.CustomerprofileTest"/>
  <testcase name="findcustomerassert" time="0.545" classname="testartemus.CustomerprofileTest"/>
  <testcase name="findcustomer" time="6.631" classname="testartemus.CustomerprofileTest"/>
  <testcase name="updatecustomer" time="2.122" classname="testartemus.CustomerprofileTest"/>
  <testcase name="deletecustomer" time="10.656" classname="testartemus.CustomerprofileTest"/>
</testsuite> <!-- CustomerProfileTest -->
