<?xml version="1.0" encoding="UTF-8"?>
<!-- Generated by org.testng.reporters.JUnitXMLReporter -->
<testsuite hostname="Samsung" name="ISFTest" tests="7" failures="0" timestamp="21 Jul 2020 11:29:47 GMT" time="10.604" errors="0">
  <testcase name="ItSelectionTab" time="1.578" classname="testartemus.ISFTest"/>
  <testcase name="vesseldetails" time="4.002" classname="testartemus.ISFTest"/>
  <testcase name="Voyagedetails" time="0.845" classname="testartemus.ISFTest"/>
  <testcase name="loadPortId" time="0.643" classname="testartemus.ISFTest"/>
  <testcase name="DischargePortdetails" time="0.593" classname="testartemus.ISFTest"/>
  <testcase name="findbills" time="0.763" classname="testartemus.ISFTest"/>
  <testcase name="Billstatus" time="1.272" classname="testartemus.ISFTest"/>
</testsuite> <!-- ISFTest -->
