<?xml version="1.0" encoding="UTF-8"?>
<!-- Generated by org.testng.reporters.JUnitXMLReporter -->
<testsuite hostname="Samsung" name="ItSelectionScreenTest" tests="10" failures="0" timestamp="19 May 2020 04:55:28 GMT" time="11.679" errors="0">
  <testcase name="ItSelectionTab" time="1.754" classname="testartemus.ItSelectionScreenTest"/>
  <testcase name="vesseldetails" time="0.516" classname="testartemus.ItSelectionScreenTest"/>
  <testcase name="Voyagedetails" time="0.254" classname="testartemus.ItSelectionScreenTest"/>
  <testcase name="DischargePortdetails" time="0.618" classname="testartemus.ItSelectionScreenTest"/>
  <testcase name="findbills" time="0.351" classname="testartemus.ItSelectionScreenTest"/>
  <testcase name="TableRowDetails" time="0.262" classname="testartemus.ItSelectionScreenTest"/>
  <testcase name="ItArrival" time="1.296" classname="testartemus.ItSelectionScreenTest"/>
  <testcase name="ItContainerArrival" time="2.751" classname="testartemus.ItSelectionScreenTest"/>
  <testcase name="ItBillArrival" time="2.82" classname="testartemus.ItSelectionScreenTest"/>
  <testcase name="ShowArrivalAcknowledgement" time="0.465" classname="testartemus.ItSelectionScreenTest"/>
</testsuite> <!-- ItSelectionScreenTest -->
