<?xml version="1.0" encoding="UTF-8"?>
<!-- Generated by org.testng.reporters.JUnitXMLReporter -->
<testsuite hostname="Samsung" name="LocationTest" tests="9" failures="0" timestamp="29 May 2020 10:46:51 GMT" time="50.478" errors="0">
  <testcase name="createlocation" time="4.48" classname="testartemus.locationTest"/>
  <testcase name="warehousedetail" time="22.68" classname="testartemus.locationTest"/>
  <testcase name="unlocodedetail" time="0.546" classname="testartemus.locationTest"/>
  <testcase name="savelocation" time="3.089" classname="testartemus.locationTest"/>
  <testcase name="findlocation" time="0.417" classname="testartemus.locationTest"/>
  <testcase name="findlocationassert" time="0.547" classname="testartemus.locationTest"/>
  <testcase name="findlocationingrid" time="2.683" classname="testartemus.locationTest"/>
  <testcase name="updatelocation" time="5.102" classname="testartemus.locationTest"/>
  <testcase name="deletelocation" time="2.813" classname="testartemus.locationTest"/>
</testsuite> <!-- LocationTest -->
