<?xml version="1.0" encoding="UTF-8"?>
<!-- Generated by org.testng.reporters.JUnitXMLReporter -->
<testsuite hostname="Samsung" name="LocationTest" tests="9" failures="0" timestamp="7 May 2020 06:49:53 GMT" time="80.676" errors="0">
  <testcase name="createlocation" time="6.006" classname="testartemus.locationTest"/>
  <testcase name="warehousedetail" time="23.998" classname="testartemus.locationTest"/>
  <testcase name="unlocodedetail" time="0.558" classname="testartemus.locationTest"/>
  <testcase name="savelocation" time="5.981" classname="testartemus.locationTest"/>
  <testcase name="findlocation" time="0.433" classname="testartemus.locationTest"/>
  <testcase name="findlocationassert" time="0.702" classname="testartemus.locationTest"/>
  <testcase name="findlocationingrid" time="5.566" classname="testartemus.locationTest"/>
  <testcase name="updatelocation" time="9.62" classname="testartemus.locationTest"/>
  <testcase name="deletelocation" time="8.315" classname="testartemus.locationTest"/>
</testsuite> <!-- LocationTest -->
