<?xml version="1.0" encoding="UTF-8"?>
<!-- Generated by org.testng.reporters.JUnitXMLReporter -->
<testsuite hostname="Samsung" name="PermitToTransferTest" tests="6" failures="0" timestamp="21 Jul 2020 11:29:37 GMT" time="9.038" errors="0">
  <testcase name="ItSelectionTab" time="1.699" classname="testartemus.PermitToTransferTest"/>
  <testcase name="vesseldetails" time="3.963" classname="testartemus.PermitToTransferTest"/>
  <testcase name="Voyagedetails" time="0.855" classname="testartemus.PermitToTransferTest"/>
  <testcase name="DischargePortdetails" time="0.633" classname="testartemus.PermitToTransferTest"/>
  <testcase name="findbills" time="0.616" classname="testartemus.PermitToTransferTest"/>
  <testcase name="changeAckName" time="0.446" classname="testartemus.PermitToTransferTest"/>
</testsuite> <!-- PermitToTransferTest -->
