<?xml version="1.0" encoding="UTF-8"?>
<!-- Generated by org.testng.reporters.JUnitXMLReporter -->
<testsuite hostname="Samsung" name="SCACCodeTest" tests="4" failures="0" timestamp="5 Jun 2020 12:13:55 GMT" time="5.524" errors="0">
  <testcase name="SCACCodescreen" time="1.028" classname="testartemus.SCACCodeTest"/>
  <testcase name="CreateNewScac" time="1.517" classname="testartemus.SCACCodeTest"/>
  <testcase name="UpdateScac" time="1.972" classname="testartemus.SCACCodeTest"/>
  <testcase name="DeleteScac" time="0.452" classname="testartemus.SCACCodeTest"/>
</testsuite> <!-- SCACCodeTest -->
