<?xml version="1.0" encoding="UTF-8"?>
<!-- Generated by org.testng.reporters.JUnitXMLReporter -->
<testsuite hostname="Samsung" name="SCACCodeTest" tests="4" failures="0" timestamp="29 May 2020 10:49:24 GMT" time="5.237" errors="0">
  <testcase name="SCACCodescreen" time="0.849" classname="testartemus.SCACCodeTest"/>
  <testcase name="CreateNewScac" time="1.386" classname="testartemus.SCACCodeTest"/>
  <testcase name="UpdateScac" time="1.968" classname="testartemus.SCACCodeTest"/>
  <testcase name="DeleteScac" time="0.472" classname="testartemus.SCACCodeTest"/>
</testsuite> <!-- SCACCodeTest -->
