<?xml version="1.0" encoding="UTF-8"?>
<!-- Generated by org.testng.reporters.JUnitXMLReporter -->
<testsuite hostname="Samsung" name="Test1" tests="9" failures="0" timestamp="22 Apr 2020 06:35:27 GMT" time="60.194" errors="0">
  <testcase name="createlocation" time="5.057" classname="testartemus.locationTest"/>
  <testcase name="warehousedetail" time="23.145" classname="testartemus.locationTest"/>
  <testcase name="unlocodedetail" time="0.53" classname="testartemus.locationTest"/>
  <testcase name="savelocation" time="3.544" classname="testartemus.locationTest"/>
  <testcase name="findlocation" time="0.435" classname="testartemus.locationTest"/>
  <testcase name="findlocationassert" time="0.642" classname="testartemus.locationTest"/>
  <testcase name="findlocationingrid" time="3.127" classname="testartemus.locationTest"/>
  <testcase name="updatelocation" time="5.472" classname="testartemus.locationTest"/>
  <testcase name="deletelocation" time="6.105" classname="testartemus.locationTest"/>
</testsuite> <!-- Test1 -->
