<?xml version="1.0" encoding="UTF-8"?>
<!-- Generated by org.testng.reporters.JUnitXMLReporter -->
<testsuite hostname="Samsung" name="Test3" tests="7" failures="0" timestamp="22 Apr 2020 06:36:33 GMT" time="26.39" errors="0">
  <testcase name="createvessel" time="6.457" classname="testartemus.vesselTest"/>
  <testcase name="japancarriercode" time="0.936" classname="testartemus.vesselTest"/>
  <testcase name="savevessel" time="1.292" classname="testartemus.vesselTest"/>
  <testcase name="findvessel" time="0.452" classname="testartemus.vesselTest"/>
  <testcase name="findvesselname" time="1.56" classname="testartemus.vesselTest"/>
  <testcase name="updatevessel" time="1.334" classname="testartemus.vesselTest"/>
  <testcase name="deletevessel" time="2.422" classname="testartemus.vesselTest"/>
</testsuite> <!-- Test3 -->
