<?xml version="1.0" encoding="UTF-8"?>
<!-- Generated by org.testng.reporters.JUnitXMLReporter -->
<testsuite hostname="Samsung" name="Test5" tests="30" failures="0" timestamp="22 Apr 2020 06:38:00 GMT" time="58.392" errors="0">
  <testcase name="billheader" time="6.932" classname="testartemus.billheaderTest"/>
  <testcase name="billStatus" time="0.556" classname="testartemus.billheaderTest"/>
  <testcase name="billType" time="0.232" classname="testartemus.billheaderTest"/>
  <testcase name="hblScac" time="0.846" classname="testartemus.billheaderTest"/>
  <testcase name="NvoType" time="0.315" classname="testartemus.billheaderTest"/>
  <testcase name="ShippingInformation" time="1.452" classname="testartemus.billheaderTest"/>
  <testcase name="Consignee" time="1.337" classname="testartemus.billheaderTest"/>
  <testcase name="Notify" time="1.373" classname="testartemus.billheaderTest"/>
  <testcase name="VesselDetail" time="3.477" classname="testartemus.billheaderTest"/>
  <testcase name="receiptPlace" time="0.706" classname="testartemus.billheaderTest"/>
  <testcase name="PortOfLoading" time="0.545" classname="testartemus.billheaderTest"/>
  <testcase name="PortOfDischarge" time="0.49" classname="testartemus.billheaderTest"/>
  <testcase name="PlaceOfDelivery" time="0.793" classname="testartemus.billheaderTest"/>
  <testcase name="MoveType" time="0.349" classname="testartemus.billheaderTest"/>
  <testcase name="CountryOfOrigin" time="2.516" classname="testartemus.billheaderTest"/>
  <testcase name="Equipment" time="0.708" classname="testartemus.billheaderTest"/>
  <testcase name="scrollpage" time="0.02" classname="testartemus.billheaderTest"/>
  <testcase name="Packages" time="1.338" classname="testartemus.billheaderTest"/>
  <testcase name="Packagesunit" time="0.521" classname="testartemus.billheaderTest"/>
  <testcase name="scrollpage2" time="0.027" classname="testartemus.billheaderTest"/>
  <testcase name="equipmentcargodetails" time="2.346" classname="testartemus.billheaderTest"/>
  <testcase name="goodsDescription" time="0.225" classname="testartemus.billheaderTest"/>
  <testcase name="HarmonizeCode" time="0.806" classname="testartemus.billheaderTest"/>
  <testcase name="HazardCode" time="0.862" classname="testartemus.billheaderTest"/>
  <testcase name="Manufacturer" time="1.158" classname="testartemus.billheaderTest"/>
  <testcase name="cargocountry" time="0.236" classname="testartemus.billheaderTest"/>
  <testcase name="scrollpageup" time="0.016" classname="testartemus.billheaderTest"/>
  <testcase name="save" time="6.136" classname="testartemus.billheaderTest"/>
  <testcase name="findbill" time="3.838" classname="testartemus.billheaderTest"/>
  <testcase name="updatebill" time="6.572" classname="testartemus.billheaderTest"/>
</testsuite> <!-- Test5 -->
