<?xml version="1.0" encoding="UTF-8"?>
<!-- Generated by org.testng.reporters.JUnitXMLReporter -->
<testsuite hostname="Samsung" name="Test2" tests="6" failures="0" timestamp="22 Apr 2020 06:36:07 GMT" time="39.395" errors="0">
  <testcase name="createcustomer" time="6.692" classname="testartemus.CustomerprofileTest"/>
  <testcase name="savecustomer" time="1.557" classname="testartemus.CustomerprofileTest"/>
  <testcase name="findcustomerassert" time="0.425" classname="testartemus.CustomerprofileTest"/>
  <testcase name="findcustomer" time="3.705" classname="testartemus.CustomerprofileTest"/>
  <testcase name="updatecustomer" time="1.502" classname="testartemus.CustomerprofileTest"/>
  <testcase name="deletecustomer" time="12.116" classname="testartemus.CustomerprofileTest"/>
</testsuite> <!-- Test2 -->
