<?xml version="1.0" encoding="UTF-8"?>
<!-- Generated by org.testng.reporters.JUnitXMLReporter -->
<testsuite hostname="Samsung" name="VesselArrivalTest" tests="6" failures="0" timestamp="19 May 2020 04:55:11 GMT" time="3.951" errors="0">
  <testcase name="vesselarrivaltab" time="0.907" classname="testartemus.VesselArrivalTest"/>
  <testcase name="vesseldetails" time="0.599" classname="testartemus.VesselArrivalTest"/>
  <testcase name="Voyagedetails" time="0.303" classname="testartemus.VesselArrivalTest"/>
  <testcase name="DischargePortdetails" time="0.647" classname="testartemus.VesselArrivalTest"/>
  <testcase name="findbills" time="0.415" classname="testartemus.VesselArrivalTest"/>
  <testcase name="acknowledgement" time="0.508" classname="testartemus.VesselArrivalTest"/>
</testsuite> <!-- VesselArrivalTest -->
