<?xml version="1.0" encoding="UTF-8"?>
<!-- Generated by org.testng.reporters.JUnitXMLReporter -->
<testsuite hostname="Samsung" name="VesselDepartureTest" tests="5" failures="0" timestamp="14 May 2020 07:25:10 GMT" time="8.897" errors="0">
  <testcase name="vesselarrivaltab" time="4.19" classname="testartemus.VesselDepartureTest"/>
  <testcase name="vesseldetails" time="0.502" classname="testartemus.VesselDepartureTest"/>
  <testcase name="Voyagedetails" time="0.261" classname="testartemus.VesselDepartureTest"/>
  <testcase name="loadPortdetails" time="1.214" classname="testartemus.VesselDepartureTest"/>
  <testcase name="findbills" time="2.146" classname="testartemus.VesselDepartureTest"/>
</testsuite> <!-- VesselDepartureTest -->
