<?xml version="1.0" encoding="UTF-8"?>
<!-- Generated by org.testng.reporters.JUnitXMLReporter -->
<testsuite hostname="Samsung" name="VoyegeTest" tests="13" failures="1" timestamp="19 May 2020 04:54:06 GMT" time="12.96" errors="0">
  <testcase name="voyegetab" time="1.125" classname="testartemus.voyegeTest"/>
  <testcase name="vesseldetail" time="2.888" classname="testartemus.voyegeTest"/>
  <testcase name="voyegedetail" time="0.378" classname="testartemus.voyegeTest"/>
  <testcase name="firstlocationdetails" time="0.191" classname="testartemus.voyegeTest">
    <failure type="org.openqa.selenium.UnhandledAlertException" message="unexpected alert open: {Alert text : Voyage by the name 1721 already exists}
  (Session info: chrome=81.0.4044.138): Voyage by the name 1721 already exists
Build info: version: &amp;apos;3.141.59&amp;apos;, revision: &amp;apos;e82be7d358&amp;apos;, time: &amp;apos;2018-11-14T08:25:53&amp;apos;
System info: host: &amp;apos;Samsung&amp;apos;, ip: &amp;apos;127.0.1.1&amp;apos;, os.name: &amp;apos;Linux&amp;apos;, os.arch: &amp;apos;amd64&amp;apos;, os.version: &amp;apos;4.13.0-36-generic&amp;apos;, java.version: &amp;apos;1.8.0_03-Ubuntu&amp;apos;
Driver info: org.openqa.selenium.chrome.ChromeDriver
Capabilities {acceptInsecureCerts: false, browserName: chrome, browserVersion: 81.0.4044.138, chrome: {chromedriverVersion: 80.0.3987.106 (f68069574609..., userDataDir: /tmp/.com.google.Chrome.JD3mgy}, goog:chromeOptions: {debuggerAddress: localhost:44487}, javascriptEnabled: true, networkConnectionEnabled: false, pageLoadStrategy: normal, platform: LINUX, platformName: LINUX, proxy: Proxy(), setWindowRect: true, strictFileInteractability: false, timeouts: {implicit: 0, pageLoad: 300000, script: 30000}, unhandledPromptBehavior: dismiss and notify}
Session ID: a41cfe6f0a56624551868a576ab44dca
*** Element info: {Using=xpath, value=//tr[@id=&amp;apos;tr1&amp;apos;]}">
      <![CDATA[org.openqa.selenium.UnhandledAlertException: unexpected alert open: {Alert text : Voyage by the name 1721 already exists}
  (Session info: chrome=81.0.4044.138): Voyage by the name 1721 already exists
Build info: version: '3.141.59', revision: 'e82be7d358', time: '2018-11-14T08:25:53'
System info: host: 'Samsung', ip: '127.0.1.1', os.name: 'Linux', os.arch: 'amd64', os.version: '4.13.0-36-generic', java.version: '1.8.0_03-Ubuntu'
Driver info: org.openqa.selenium.chrome.ChromeDriver
Capabilities {acceptInsecureCerts: false, browserName: chrome, browserVersion: 81.0.4044.138, chrome: {chromedriverVersion: 80.0.3987.106 (f68069574609..., userDataDir: /tmp/.com.google.Chrome.JD3mgy}, goog:chromeOptions: {debuggerAddress: localhost:44487}, javascriptEnabled: true, networkConnectionEnabled: false, pageLoadStrategy: normal, platform: LINUX, platformName: LINUX, proxy: Proxy(), setWindowRect: true, strictFileInteractability: false, timeouts: {implicit: 0, pageLoad: 300000, script: 30000}, unhandledPromptBehavior: dismiss and notify}
Session ID: a41cfe6f0a56624551868a576ab44dca
*** Element info: {Using=xpath, value=//tr[@id='tr1']}
	at org.openqa.selenium.remote.http.W3CHttpResponseCodec.decode(W3CHttpResponseCodec.java:120)
	at org.openqa.selenium.remote.http.W3CHttpResponseCodec.decode(W3CHttpResponseCodec.java:49)
	at org.openqa.selenium.remote.HttpCommandExecutor.execute(HttpCommandExecutor.java:158)
	at org.openqa.selenium.remote.service.DriverCommandExecutor.execute(DriverCommandExecutor.java:83)
	at org.openqa.selenium.remote.RemoteWebDriver.execute(RemoteWebDriver.java:552)
	at org.openqa.selenium.remote.RemoteWebDriver.findElement(RemoteWebDriver.java:323)
	at org.openqa.selenium.remote.RemoteWebDriver.findElementByXPath(RemoteWebDriver.java:428)
	at org.openqa.selenium.By$ByXPath.findElement(By.java:353)
	at org.openqa.selenium.remote.RemoteWebDriver.findElement(RemoteWebDriver.java:315)
	at org.openqa.selenium.support.pagefactory.DefaultElementLocator.findElement(DefaultElementLocator.java:69)
	at org.openqa.selenium.support.pagefactory.internal.LocatingElementHandler.invoke(LocatingElementHandler.java:38)
	at com.sun.proxy.$Proxy9.isDisplayed(Unknown Source)
	at testartemus.voyegeTest.firstlocationdetails(voyegeTest.java:112)
... Removed 25 stack frames]]>
    </failure>
  </testcase> <!-- firstlocationdetails -->
  <testcase name="datedetails" time="0.897" classname="testartemus.voyegeTest"/>
  <testcase name="portdetails" time="0.239" classname="testartemus.voyegeTest"/>
  <testcase name="secondlocationdetails" time="0.796" classname="testartemus.voyegeTest"/>
  <testcase name="datedetailstwo" time="0.816" classname="testartemus.voyegeTest"/>
  <testcase name="portdetailstwo" time="0.116" classname="testartemus.voyegeTest"/>
  <testcase name="savevoyege" time="0.116" classname="testartemus.voyegeTest"/>
  <testcase name="findvoyege" time="2.183" classname="testartemus.voyegeTest"/>
  <testcase name="updatevoyege" time="1.507" classname="testartemus.voyegeTest"/>
  <testcase name="deletevoyege" time="0.871" classname="testartemus.voyegeTest"/>
</testsuite> <!-- VoyegeTest -->
