<?xml version="1.0" encoding="UTF-8"?>
<!-- Generated by org.testng.reporters.JUnitXMLReporter -->
<testsuite hostname="Samsung" name="VoyegeTest" tests="13" failures="0" timestamp="21 Jul 2020 11:27:13 GMT" time="25.671" errors="0">
  <testcase name="voyegetab" time="1.749" classname="testartemus.voyegeTest"/>
  <testcase name="vesseldetail" time="3.94" classname="testartemus.voyegeTest"/>
  <testcase name="voyegedetail" time="1.178" classname="testartemus.voyegeTest"/>
  <testcase name="firstlocationdetails" time="3.878" classname="testartemus.voyegeTest"/>
  <testcase name="datedetails" time="2.059" classname="testartemus.voyegeTest"/>
  <testcase name="portdetails" time="0.536" classname="testartemus.voyegeTest"/>
  <testcase name="secondlocationdetails" time="1.287" classname="testartemus.voyegeTest"/>
  <testcase name="datedetailstwo" time="2.058" classname="testartemus.voyegeTest"/>
  <testcase name="portdetailstwo" time="0.272" classname="testartemus.voyegeTest"/>
  <testcase name="savevoyege" time="1.3" classname="testartemus.voyegeTest"/>
  <testcase name="findvoyege" time="2.783" classname="testartemus.voyegeTest"/>
  <testcase name="updatevoyege" time="1.994" classname="testartemus.voyegeTest"/>
  <testcase name="deletevoyege" time="1.509" classname="testartemus.voyegeTest"/>
</testsuite> <!-- VoyegeTest -->
